bash -v valgrind.sh
module () {  _module_raw "$@" 2>&1
}
ml () {  module ml "$@"
}
_module_raw () {  eval `/usr/bin/tclsh8.6 /usr/lib/x86_64-linux-gnu/modulecmd.tcl bash "$@"`;
 _mlstatus=$?;
 return $_mlstatus
}
# This is in addition to testing.sh and provides all required testing along
# (letters at depths 0,10, toscrape at depths 0,1, wikipedia at depths 0,1)

# make directories
mkdir ../data
mkdir ../data/val_letters10 ../data/val_toscrape1 ../data/val_wikipedia0 ../data/val_wikipedia1

# make binary files
make
make[1]: Entering directory '/thayerfs/home/f006gsd/cs50-dev/tse-AryanDawer7/crawler'
make[1]: 'crawler' is up to date.
make[1]: Leaving directory '/thayerfs/home/f006gsd/cs50-dev/tse-AryanDawer7/crawler'

#valgrind test
valgrind --leak-check=full --show-leak-kinds=all ./crawler http://cs50tse.cs.dartmouth.edu/tse/letters/index.html ../data/val_letters10 10
==731518== Memcheck, a memory error detector
==731518== Copyright (C) 2002-2017, and GNU GPL'd, by Julian Seward et al.
==731518== Using Valgrind-3.18.1 and LibVEX; rerun with -h for copyright info
==731518== Command: ./crawler http://cs50tse.cs.dartmouth.edu/tse/letters/index.html ../data/val_letters10 10
==731518== 
../data/val_letters10/.crawler
==731518== 
==731518== HEAP SUMMARY:
==731518==     in use at exit: 0 bytes in 0 blocks
==731518==   total heap usage: 1,542 allocs, 1,542 frees, 1,373,330 bytes allocated
==731518== 
==731518== All heap blocks were freed -- no leaks are possible
==731518== 
==731518== For lists of detected and suppressed errors, rerun with: -s
==731518== ERROR SUMMARY: 0 errors from 0 contexts (suppressed: 0 from 0)
#valgrind test
valgrind --leak-check=full --show-leak-kinds=all ./crawler http://cs50tse.cs.dartmouth.edu/tse/toscrape/index.html ../data/val_toscrape1 1
==732091== Memcheck, a memory error detector
==732091== Copyright (C) 2002-2017, and GNU GPL'd, by Julian Seward et al.
==732091== Using Valgrind-3.18.1 and LibVEX; rerun with -h for copyright info
==732091== Command: ./crawler http://cs50tse.cs.dartmouth.edu/tse/toscrape/index.html ../data/val_toscrape1 1
==732091== 
../data/val_toscrape1/.crawler
==732091== 
==732091== HEAP SUMMARY:
==732091==     in use at exit: 0 bytes in 0 blocks
==732091==   total heap usage: 2,300,624 allocs, 2,300,624 frees, 42,743,221,599 bytes allocated
==732091== 
==732091== All heap blocks were freed -- no leaks are possible
==732091== 
==732091== For lists of detected and suppressed errors, rerun with: -s
==732091== ERROR SUMMARY: 0 errors from 0 contexts (suppressed: 0 from 0)
#valgrind test
valgrind --leak-check=full --show-leak-kinds=all ./crawler http://cs50tse.cs.dartmouth.edu/tse/wikipedia/index.html ../data/val_wikipedia0 0
==735275== Memcheck, a memory error detector
==735275== Copyright (C) 2002-2017, and GNU GPL'd, by Julian Seward et al.
==735275== Using Valgrind-3.18.1 and LibVEX; rerun with -h for copyright info
==735275== Command: ./crawler http://cs50tse.cs.dartmouth.edu/tse/wikipedia/index.html ../data/val_wikipedia0 0
==735275== 
../data/val_wikipedia0/.crawler
==735275== 
==735275== HEAP SUMMARY:
==735275==     in use at exit: 0 bytes in 0 blocks
==735275==   total heap usage: 6,628 allocs, 6,628 frees, 20,580,758 bytes allocated
==735275== 
==735275== All heap blocks were freed -- no leaks are possible
==735275== 
==735275== For lists of detected and suppressed errors, rerun with: -s
==735275== ERROR SUMMARY: 0 errors from 0 contexts (suppressed: 0 from 0)
#valgrind test
valgrind --leak-check=full --show-leak-kinds=all ./crawler http://cs50tse.cs.dartmouth.edu/tse/wikipedia/index.html ../data/val_wikipedia1 1
==735309== Memcheck, a memory error detector
==735309== Copyright (C) 2002-2017, and GNU GPL'd, by Julian Seward et al.
==735309== Using Valgrind-3.18.1 and LibVEX; rerun with -h for copyright info
==735309== Command: ./crawler http://cs50tse.cs.dartmouth.edu/tse/wikipedia/index.html ../data/val_wikipedia1 1
==735309== 
../data/val_wikipedia1/.crawler
==735309== 
==735309== HEAP SUMMARY:
==735309==     in use at exit: 0 bytes in 0 blocks
==735309==   total heap usage: 1,486,804 allocs, 1,486,804 frees, 234,199,572,370 bytes allocated
==735309== 
==735309== All heap blocks were freed -- no leaks are possible
==735309== 
==735309== For lists of detected and suppressed errors, rerun with: -s
==735309== ERROR SUMMARY: 0 errors from 0 contexts (suppressed: 0 from 0)
